<?xml version="1.0" encoding="UTF-8"?>
<coverage generated="1687160512584" clover="3.2.0">
  <project timestamp="1687160512584" name="All files">
    <metrics statements="62" coveredstatements="45" conditionals="8" coveredconditionals="2" methods="9" coveredmethods="3" elements="79" coveredelements="50" complexity="0" loc="62" ncloc="62" packages="5" files="7" classes="7"/>
    <package name="src">
      <metrics statements="14" coveredstatements="11" conditionals="0" coveredconditionals="0" methods="3" coveredmethods="0"/>
      <file name="server.js" path="/home/natali/basic-auth/src/server.js">
        <metrics statements="14" coveredstatements="11" conditionals="0" coveredconditionals="0" methods="3" coveredmethods="0"/>
        <line num="2" count="1" type="stmt"/>
        <line num="3" count="1" type="stmt"/>
        <line num="4" count="1" type="stmt"/>
        <line num="7" count="1" type="stmt"/>
        <line num="8" count="1" type="stmt"/>
        <line num="10" count="1" type="stmt"/>
        <line num="11" count="1" type="stmt"/>
        <line num="13" count="1" type="stmt"/>
        <line num="15" count="0" type="stmt"/>
        <line num="18" count="0" type="stmt"/>
        <line num="19" count="0" type="stmt"/>
        <line num="22" count="1" type="stmt"/>
        <line num="23" count="1" type="stmt"/>
        <line num="25" count="1" type="stmt"/>
      </file>
    </package>
    <package name="src.auth.handlers">
      <metrics statements="4" coveredstatements="3" conditionals="0" coveredconditionals="0" methods="2" coveredmethods="1"/>
      <file name="404.js" path="/home/natali/basic-auth/src/auth/handlers/404.js">
        <metrics statements="2" coveredstatements="2" conditionals="0" coveredconditionals="0" methods="1" coveredmethods="1"/>
        <line num="1" count="1" type="stmt"/>
        <line num="2" count="3" type="stmt"/>
      </file>
      <file name="500.js" path="/home/natali/basic-auth/src/auth/handlers/500.js">
        <metrics statements="2" coveredstatements="1" conditionals="0" coveredconditionals="0" methods="1" coveredmethods="0"/>
        <line num="1" count="1" type="stmt"/>
        <line num="2" count="0" type="stmt"/>
      </file>
    </package>
    <package name="src.auth.middleware">
      <metrics statements="19" coveredstatements="7" conditionals="4" coveredconditionals="0" methods="1" coveredmethods="0"/>
      <file name="basic.js" path="/home/natali/basic-auth/src/auth/middleware/basic.js">
        <metrics statements="19" coveredstatements="7" conditionals="4" coveredconditionals="0" methods="1" coveredmethods="0"/>
        <line num="1" count="1" type="stmt"/>
        <line num="2" count="1" type="stmt"/>
        <line num="3" count="1" type="stmt"/>
        <line num="4" count="1" type="stmt"/>
        <line num="5" count="1" type="stmt"/>
        <line num="8" count="1" type="stmt"/>
        <line num="9" count="0" type="cond" truecount="0" falsecount="2"/>
        <line num="10" count="0" type="stmt"/>
        <line num="11" count="0" type="stmt"/>
        <line num="12" count="0" type="stmt"/>
        <line num="13" count="0" type="stmt"/>
        <line num="14" count="0" type="stmt"/>
        <line num="15" count="0" type="stmt"/>
        <line num="16" count="0" type="stmt"/>
        <line num="17" count="0" type="cond" truecount="0" falsecount="2"/>
        <line num="19" count="0" type="stmt"/>
        <line num="21" count="0" type="stmt"/>
        <line num="24" count="0" type="stmt"/>
        <line num="27" count="1" type="stmt"/>
      </file>
    </package>
    <package name="src.auth.models">
      <metrics statements="10" coveredstatements="10" conditionals="4" coveredconditionals="2" methods="1" coveredmethods="1"/>
      <file name=" index.js" path="/home/natali/basic-auth/src/auth/models/ index.js">
        <metrics statements="7" coveredstatements="7" conditionals="4" coveredconditionals="2" methods="0" coveredmethods="0"/>
        <line num="2" count="1" type="stmt"/>
        <line num="3" count="1" type="stmt"/>
        <line num="4" count="1" type="stmt"/>
        <line num="7" count="1" type="cond" truecount="1" falsecount="1"/>
        <line num="9" count="1" type="cond" truecount="1" falsecount="1"/>
        <line num="20" count="1" type="stmt"/>
        <line num="24" count="1" type="stmt"/>
      </file>
      <file name=" users.model.js" path="/home/natali/basic-auth/src/auth/models/ users.model.js">
        <metrics statements="3" coveredstatements="3" conditionals="0" coveredconditionals="0" methods="1" coveredmethods="1"/>
        <line num="2" count="1" type="stmt"/>
        <line num="3" count="1" type="stmt"/>
        <line num="15" count="1" type="stmt"/>
      </file>
    </package>
    <package name="src.auth.routes">
      <metrics statements="15" coveredstatements="14" conditionals="0" coveredconditionals="0" methods="2" coveredmethods="1"/>
      <file name="auth.route.js" path="/home/natali/basic-auth/src/auth/routes/auth.route.js">
        <metrics statements="15" coveredstatements="14" conditionals="0" coveredconditionals="0" methods="2" coveredmethods="1"/>
        <line num="1" count="1" type="stmt"/>
        <line num="2" count="1" type="stmt"/>
        <line num="3" count="1" type="stmt"/>
        <line num="4" count="1" type="stmt"/>
        <line num="5" count="1" type="stmt"/>
        <line num="6" count="1" type="stmt"/>
        <line num="12" count="1" type="stmt"/>
        <line num="13" count="1" type="stmt"/>
        <line num="14" count="1" type="stmt"/>
        <line num="15" count="1" type="stmt"/>
        <line num="16" count="1" type="stmt"/>
        <line num="20" count="1" type="stmt"/>
        <line num="21" count="0" type="stmt"/>
        <line num="27" count="1" type="stmt"/>
        <line num="35" count="1" type="stmt"/>
      </file>
    </package>
  </project>
</coverage>
