{"/home/natali/basic-auth/src/server.js": {"path":"/home/natali/basic-auth/src/server.js","statementMap":{"0":{"start":{"line":2,"column":16},"end":{"line":2,"column":34}},"1":{"start":{"line":3,"column":12},"end":{"line":3,"column":21}},"2":{"start":{"line":4,"column":19},"end":{"line":4,"column":54}},"3":{"start":{"line":7,"column":0},"end":{"line":7,"column":24}},"4":{"start":{"line":8,"column":0},"end":{"line":8,"column":20}},"5":{"start":{"line":10,"column":24},"end":{"line":10,"column":54}},"6":{"start":{"line":11,"column":21},"end":{"line":11,"column":51}},"7":{"start":{"line":13,"column":0},"end":{"line":13,"column":29}},"8":{"start":{"line":15,"column":4},"end":{"line":15,"column":31}},"9":{"start":{"line":18,"column":4},"end":{"line":20,"column":7}},"10":{"start":{"line":19,"column":8},"end":{"line":19,"column":57}},"11":{"start":{"line":22,"column":0},"end":{"line":22,"column":30}},"12":{"start":{"line":23,"column":0},"end":{"line":23,"column":21}},"13":{"start":{"line":25,"column":0},"end":{"line":28,"column":1}}},"fnMap":{"0":{"name":"welcomeHandler","decl":{"start":{"line":14,"column":9},"end":{"line":14,"column":23}},"loc":{"start":{"line":14,"column":34},"end":{"line":16,"column":1}},"line":14},"1":{"name":"start","decl":{"start":{"line":17,"column":9},"end":{"line":17,"column":14}},"loc":{"start":{"line":17,"column":21},"end":{"line":21,"column":1}},"line":17},"2":{"name":"(anonymous_2)","decl":{"start":{"line":18,"column":21},"end":{"line":18,"column":22}},"loc":{"start":{"line":18,"column":27},"end":{"line":20,"column":5}},"line":18}},"branchMap":{},"s":{"0":1,"1":1,"2":1,"3":1,"4":1,"5":1,"6":1,"7":1,"8":0,"9":0,"10":0,"11":1,"12":1,"13":1},"f":{"0":0,"1":0,"2":0},"b":{},"_coverageSchema":"1a1c01bbd47fc00a2c39e90264f33305004495a9","hash":"86a0af54e6ac93ee8007e923c6358dfdfbdcec90"}
,"/home/natali/basic-auth/src/auth/handlers/404.js": {"path":"/home/natali/basic-auth/src/auth/handlers/404.js","statementMap":{"0":{"start":{"line":1,"column":0},"end":{"line":7,"column":1}},"1":{"start":{"line":2,"column":4},"end":{"line":6,"column":7}}},"fnMap":{"0":{"name":"(anonymous_0)","decl":{"start":{"line":1,"column":17},"end":{"line":1,"column":18}},"loc":{"start":{"line":1,"column":37},"end":{"line":7,"column":1}},"line":1}},"branchMap":{},"s":{"0":1,"1":3},"f":{"0":3},"b":{},"_coverageSchema":"1a1c01bbd47fc00a2c39e90264f33305004495a9","hash":"03ee636b1a065eeca9b41a04a0d2585cfad30783"}
,"/home/natali/basic-auth/src/auth/handlers/500.js": {"path":"/home/natali/basic-auth/src/auth/handlers/500.js","statementMap":{"0":{"start":{"line":1,"column":0},"end":{"line":7,"column":1}},"1":{"start":{"line":2,"column":4},"end":{"line":6,"column":7}}},"fnMap":{"0":{"name":"(anonymous_0)","decl":{"start":{"line":1,"column":17},"end":{"line":1,"column":18}},"loc":{"start":{"line":1,"column":44},"end":{"line":7,"column":1}},"line":1}},"branchMap":{},"s":{"0":1,"1":0},"f":{"0":0},"b":{},"_coverageSchema":"1a1c01bbd47fc00a2c39e90264f33305004495a9","hash":"84f76ab186edf4dcaedf8144138bb0c68f78fde4"}
,"/home/natali/basic-auth/src/auth/middleware/basic.js": {"path":"/home/natali/basic-auth/src/auth/middleware/basic.js","statementMap":{"0":{"start":{"line":1,"column":16},"end":{"line":1,"column":34}},"1":{"start":{"line":2,"column":19},"end":{"line":2,"column":35}},"2":{"start":{"line":3,"column":15},"end":{"line":3,"column":33}},"3":{"start":{"line":4,"column":15},"end":{"line":4,"column":32}},"4":{"start":{"line":5,"column":16},"end":{"line":5,"column":43}},"5":{"start":{"line":8,"column":18},"end":{"line":25,"column":5}},"6":{"start":{"line":9,"column":4},"end":{"line":25,"column":3}},"7":{"start":{"line":10,"column":25},"end":{"line":10,"column":61}},"8":{"start":{"line":11,"column":25},"end":{"line":11,"column":43}},"9":{"start":{"line":12,"column":25},"end":{"line":12,"column":52}},"10":{"start":{"line":13,"column":33},"end":{"line":13,"column":56}},"11":{"start":{"line":14,"column":6},"end":{"line":24,"column":62}},"12":{"start":{"line":15,"column":19},"end":{"line":15,"column":73}},"13":{"start":{"line":16,"column":24},"end":{"line":16,"column":69}},"14":{"start":{"line":17,"column":6},"end":{"line":22,"column":7}},"15":{"start":{"line":19,"column":7},"end":{"line":19,"column":38}},"16":{"start":{"line":21,"column":8},"end":{"line":21,"column":70}},"17":{"start":{"line":24,"column":22},"end":{"line":24,"column":60}},"18":{"start":{"line":27,"column":0},"end":{"line":27,"column":25}}},"fnMap":{"0":{"name":"(anonymous_0)","decl":{"start":{"line":8,"column":18},"end":{"line":8,"column":19}},"loc":{"start":{"line":8,"column":44},"end":{"line":25,"column":5}},"line":8}},"branchMap":{"0":{"loc":{"start":{"line":9,"column":4},"end":{"line":25,"column":3}},"type":"if","locations":[{"start":{"line":9,"column":4},"end":{"line":25,"column":3}},{"start":{},"end":{}}],"line":9},"1":{"loc":{"start":{"line":17,"column":6},"end":{"line":22,"column":7}},"type":"if","locations":[{"start":{"line":17,"column":6},"end":{"line":22,"column":7}},{"start":{"line":20,"column":13},"end":{"line":22,"column":7}}],"line":17}},"s":{"0":1,"1":1,"2":1,"3":1,"4":1,"5":1,"6":0,"7":0,"8":0,"9":0,"10":0,"11":0,"12":0,"13":0,"14":0,"15":0,"16":0,"17":0,"18":1},"f":{"0":0},"b":{"0":[0,0],"1":[0,0]},"_coverageSchema":"1a1c01bbd47fc00a2c39e90264f33305004495a9","hash":"c42fcd85756fdd9d5a0f3c997a85cec6d2ddfd75"}
,"/home/natali/basic-auth/src/auth/models/ index.js": {"path":"/home/natali/basic-auth/src/auth/models/ index.js","statementMap":{"0":{"start":{"line":2,"column":0},"end":{"line":2,"column":27}},"1":{"start":{"line":3,"column":33},"end":{"line":3,"column":53}},"2":{"start":{"line":4,"column":14},"end":{"line":4,"column":39}},"3":{"start":{"line":7,"column":21},"end":{"line":7,"column":99}},"4":{"start":{"line":9,"column":23},"end":{"line":18,"column":6}},"5":{"start":{"line":20,"column":16},"end":{"line":20,"column":61}},"6":{"start":{"line":24,"column":0},"end":{"line":28,"column":1}}},"fnMap":{},"branchMap":{"0":{"loc":{"start":{"line":7,"column":21},"end":{"line":7,"column":99}},"type":"cond-expr","locations":[{"start":{"line":7,"column":55},"end":{"line":7,"column":72}},{"start":{"line":7,"column":75},"end":{"line":7,"column":99}}],"line":7},"1":{"loc":{"start":{"line":9,"column":23},"end":{"line":18,"column":6}},"type":"cond-expr","locations":[{"start":{"line":10,"column":4},"end":{"line":17,"column":5}},{"start":{"line":18,"column":4},"end":{"line":18,"column":6}}],"line":9}},"s":{"0":1,"1":1,"2":1,"3":1,"4":1,"5":1,"6":1},"f":{},"b":{"0":[1,0],"1":[0,1]},"_coverageSchema":"1a1c01bbd47fc00a2c39e90264f33305004495a9","hash":"ef96202d874a11d18c1daf007d1f28eb37cfb225"}
,"/home/natali/basic-auth/src/auth/models/ users.model.js": {"path":"/home/natali/basic-auth/src/auth/models/ users.model.js","statementMap":{"0":{"start":{"line":2,"column":14},"end":{"line":13,"column":6}},"1":{"start":{"line":3,"column":4},"end":{"line":13,"column":6}},"2":{"start":{"line":15,"column":0},"end":{"line":15,"column":23}}},"fnMap":{"0":{"name":"(anonymous_0)","decl":{"start":{"line":2,"column":14},"end":{"line":2,"column":15}},"loc":{"start":{"line":3,"column":4},"end":{"line":13,"column":6}},"line":3}},"branchMap":{},"s":{"0":1,"1":1,"2":1},"f":{"0":1},"b":{},"_coverageSchema":"1a1c01bbd47fc00a2c39e90264f33305004495a9","hash":"570d60c43b79821c4cbbfaac60cf6dbaaacf1005"}
,"/home/natali/basic-auth/src/auth/routes/auth.route.js": {"path":"/home/natali/basic-auth/src/auth/routes/auth.route.js","statementMap":{"0":{"start":{"line":1,"column":16},"end":{"line":1,"column":34}},"1":{"start":{"line":2,"column":19},"end":{"line":2,"column":35}},"2":{"start":{"line":3,"column":15},"end":{"line":3,"column":33}},"3":{"start":{"line":4,"column":15},"end":{"line":4,"column":32}},"4":{"start":{"line":5,"column":16},"end":{"line":5,"column":43}},"5":{"start":{"line":6,"column":18},"end":{"line":6,"column":48}},"6":{"start":{"line":12,"column":0},"end":{"line":22,"column":3}},"7":{"start":{"line":13,"column":4},"end":{"line":21,"column":60}},"8":{"start":{"line":14,"column":19},"end":{"line":14,"column":36}},"9":{"start":{"line":15,"column":25},"end":{"line":15,"column":65}},"10":{"start":{"line":16,"column":19},"end":{"line":19,"column":6}},"11":{"start":{"line":20,"column":4},"end":{"line":20,"column":33}},"12":{"start":{"line":21,"column":14},"end":{"line":21,"column":58}},"13":{"start":{"line":27,"column":0},"end":{"line":29,"column":5}},"14":{"start":{"line":35,"column":0},"end":{"line":35,"column":28}}},"fnMap":{"0":{"name":"(anonymous_0)","decl":{"start":{"line":12,"column":27},"end":{"line":12,"column":28}},"loc":{"start":{"line":12,"column":47},"end":{"line":22,"column":1}},"line":12},"1":{"name":"(anonymous_1)","decl":{"start":{"line":27,"column":38},"end":{"line":27,"column":39}},"loc":{"start":{"line":27,"column":52},"end":{"line":29,"column":3}},"line":27}},"branchMap":{},"s":{"0":1,"1":1,"2":1,"3":1,"4":1,"5":1,"6":1,"7":1,"8":1,"9":1,"10":1,"11":1,"12":0,"13":1,"14":1},"f":{"0":1,"1":0},"b":{},"_coverageSchema":"1a1c01bbd47fc00a2c39e90264f33305004495a9","hash":"31daa7a16737b06dd0ff9c9d03cd5a5d954490e4"}
}
